2025-07-11 14:30:46,414 - INFO - Features extracted successfully. Dataframe:
2025-07-11 14:30:46,665 - INFO -     molecular_weight  isoelectric point  aromacity  instability_index     gravy
0         35048.7240           4.829973   0.094340          52.177044 -0.244654
1         53858.6210           8.115877   0.099593          41.939675 -0.248374
2        102913.9727           4.819742   0.093886          47.790972 -0.337991
3         60102.5309           9.146275   0.035849          46.803962 -1.415094
4        221615.1871           4.951495   0.039130          46.487778 -0.239469
5         40261.5329           4.708167   0.047222          46.003056 -0.193056
6         72757.2004           4.746704   0.083851          51.888214 -0.473913
7         40459.5973           5.569846   0.088398          43.560276 -0.559945
8         29965.7874           7.641684   0.112782          48.921880 -0.206767
9         40840.2477           5.655275   0.090411          36.957014 -0.498630
10        88414.4842           5.270987   0.072682          41.123697 -0.403509
11       106158.1911           8.134701   0.079741          47.850571 -0.405927
12        41399.6882           7.789344   0.073491          48.593438 -0.305774
13        28517.7571           9.709535   0.056180          47.876779  0.237079
14       114535.0818           5.500275   0.093422          46.806015 -0.219638
15        40648.0867           5.705293   0.076503          41.624617 -0.535246
16        72931.5677           4.957577   0.099225          44.493070 -0.543101
17        43746.8207           6.343936   0.119898          44.855944 -0.231633
18       122668.1348           5.054942   0.084481          43.486070 -0.262167
19        51756.2749           8.127803   0.022774          67.479917 -0.493582
20        38043.6526           8.744121   0.088235          50.318235 -0.715000
21        97549.5169           5.880983   0.058957          58.278571 -0.404195
22         6613.6758           7.999060   0.114754          41.014754  0.844262
23       269050.0968           6.497402   0.057645          67.191341 -0.758013
24        44867.7146           6.654448   0.060453          31.564987 -0.728715
25       111692.9486           5.643112   0.075099          46.988834 -0.146344
26       218967.4653           7.043909   0.077240          55.645901 -0.557106
27       109815.3318           5.277069   0.096573          52.989221 -0.520042
28        17584.0680           6.509395   0.129252          52.392517 -0.379592
29        35076.3230           7.601442   0.085174          22.671293 -0.251420
30        18006.6153           8.869254   0.101266          45.773418 -0.532911
31        40029.4497           7.485093   0.065753          46.929863 -0.270959
32        11431.0101          11.490023   0.058252          36.627184 -0.365049
33        70962.1569           8.829993   0.078073          57.764153 -0.936877
34        39826.3112           9.119263   0.057803          56.032081 -0.414451
35       151659.4870           5.551203   0.044254          56.489365 -0.305710
36        19404.5337           4.759379   0.081395          65.116860 -0.433140
37        45286.8288           8.949130   0.063131          52.025758 -0.444949
38        26887.5862          11.153047   0.046693          43.352918 -0.819066
39        42192.1039           6.597950   0.079156          50.941187 -0.053562
40        57741.3386           4.741361   0.066914          50.414684 -0.237918
41        30391.4909           6.931765   0.060071          55.380919 -0.208481
42        33232.9926           5.885473   0.074324          44.581757 -0.173986
43        82889.5122           5.022146   0.055256          60.746671 -0.957008
44        60592.6630           5.022430   0.081439          75.549242 -0.919508
45        63546.2366           8.164099   0.110124          35.630728 -0.276199
46        31543.5834           8.587592   0.097473          54.341155 -0.501083
47        78727.2501           8.374330   0.067432          53.775782 -0.902009
48        46849.5715           5.766339   0.103865          47.778285 -0.237440
49       131850.1280           6.293122   0.082638          45.771377 -0.429215
2025-07-11 14:30:46,722 - INFO - assigning labels
